[2026-01-18T22:05:58.468Z] [ready] Bot loggato come Official Chaotic Smp Bot#8971
[2026-01-18T22:08:14.277Z] [ready] Bot loggato come Official Chaotic Smp Bot#8971
[2026-01-18T22:11:03.386Z] [ready] Bot loggato come Official Chaotic Smp Bot#8971
[2026-01-18T22:16:07.351Z] [ready] Bot loggato come Official Chaotic Smp Bot#8971
[2026-01-18T22:20:58.659Z] [ready] Bot loggato come Official Chaotic Smp Bot#8971
[2026-01-18T22:21:13.072Z] [setup] Pannello impostato in #🦸ticket-support da manimnothim_ig
[2026-01-18T22:21:23.794Z] [open] Ticket 1462572628287160394 aperto da manimnothim_ig
[2026-01-18T22:22:14.622Z] [setup] Pannello impostato in #🦸ticket-support da naikoneeee2
[2026-01-18T22:23:22.584Z] [setup] Pannello impostato in #🦸ticket-support da manimnothim_ig
[2026-01-18T22:23:25.232Z] [open] Ticket 1462573138272321748 aperto da naikoneeee2
[2026-01-18T22:24:00.534Z] [close] Ticket 1462573138272321748 chiuso da manimnothim_ig (opener 1403558530811822303)
[2026-01-18T22:27:18.941Z] [ready] Bot loggato come Official Chaotic Smp Bot#8971
[2026-01-18T22:27:32.908Z] [setup] Pannello impostato in #transcript da manimnothim_ig
[2026-01-18T22:35:08.369Z] [ready] Bot loggato come Official Chaotic Smp Bot#8971
[2026-01-18T22:40:29.650Z] [ready] Bot loggato come Official Chaotic Smp Bot#8971
[2026-01-18T22:46:48.603Z] [ready] Bot loggato come Official Chaotic Smp Bot#8971
[2026-01-19T13:56:12.606Z] [ready] Bot loggato come Official Chaotic Smp Bot#8971
[2026-01-19T13:57:17.582Z] [setup] Pannello impostato in #🎟️ticket-support da manimnothim_ig
[2026-01-19T14:01:29.278Z] [open] Ticket 1462809210524799076 aperto da manimnothim_ig
[2026-01-19T14:06:53.680Z] [open] Ticket 1462810570892906517 aperto da manimnothim_ig
[2026-01-19T14:14:20.346Z] [ready] Bot loggato come Official Chaotic Smp Bot#8971
[2026-01-19T14:14:26.752Z] [open] Ticket 1462812470962819127 aperto da manimnothim_ig
[2026-01-19T14:30:20.683Z] [ready] Bot loggato come Official Chaotic Smp Bot#8971
[2026-01-19T14:30:25.422Z] [open] Ticket 1462816492092522691 aperto da manimnothim_ig
[2026-01-19T14:36:18.548Z] [ready] Bot loggato come Official Chaotic Smp Bot#8971
[2026-01-19T14:39:06.255Z] [close] Ticket 1462816492092522691 chiuso da manimnothim_ig (opener 1101234690423267460)
[2026-01-19T14:48:05.777Z] [ready] Bot loggato come Official Chaotic Smp Bot#8971
[2026-01-19T14:48:20.314Z] [open] Ticket 1462821000105295894 aperto da manimnothim_ig
[2026-01-19T14:48:26.425Z] [close] Ticket 1462821000105295894 chiuso da manimnothim_ig (opener 1101234690423267460)
